<?xml version="1.0" encoding="UTF-8"?>
<!-- Generated by org.testng.reporters.JUnitReportReporter -->
<testsuite skipped="0" hostname="administrator" name="Run" tests="1" failures="0" timestamp="09 May 2019 08:11:29 GMT" time="32.598" errors="0">
  <testcase name="runScenario" time="32.598" classname="Run"/>
</testsuite> <!-- Run -->
